<?xml version="1.0" encoding="UTF-8"?>
<!-- Generated by org.testng.reporters.JUnitReportReporter -->
<testsuite hostname="DESKTOP-6IP1UN8" failures="0" tests="1" name="assert_not_equals.A1" time="0.016" errors="0" timestamp="2022-08-25T10:51:12 IST" skipped="0">
  <testcase classname="assert_not_equals.A1" name="tc2" time="0.016"/>
  <system-out>
    <![CDATA[runnind tc2]]>
  </system-out>
</testsuite> <!-- assert_not_equals.A1 -->
