<?xml version="1.0" encoding="UTF-8"?>
<!-- Generated by org.testng.reporters.JUnitReportReporter -->
<testsuite hostname="DESKTOP-6IP1UN8" failures="0" tests="1" name="assertequal.equal" time="0.013" errors="0" timestamp="2022-08-25T10:26:49 IST" skipped="0">
  <testcase classname="assertequal.equal" name="tc1" time="0.013"/>
  <system-out>
    <![CDATA[running tc1]]>
  </system-out>
</testsuite> <!-- assertequal.equal -->
