<?xml version="1.0" encoding="UTF-8"?>
<!-- Generated by org.testng.reporters.JUnitReportReporter -->
<testsuite hostname="DESKTOP-6IP1UN8" failures="0" tests="1" name="parallel_testing.B" time="26.419" errors="0" timestamp="2022-08-20T08:58:25 IST" skipped="0">
  <testcase classname="parallel_testing.B" name="tc2" time="26.419"/>
  <system-out/>
</testsuite> <!-- parallel_testing.B -->
