<?xml version="1.0" encoding="UTF-8"?>
<!-- Generated by org.testng.reporters.JUnitReportReporter -->
<testsuite hostname="DESKTOP-6IP1UN8" failures="0" tests="1" name="testing2.a1" time="0.011" errors="0" timestamp="2022-08-19T21:13:46 IST" skipped="0">
  <testcase classname="testing2.a1" name="tc" time="0.011"/>
  <system-out>
    <![CDATA[hii]]>
  </system-out>
</testsuite> <!-- testing2.a1 -->
