<?xml version="1.0" encoding="UTF-8"?>
<!-- Generated by org.testng.reporters.JUnitReportReporter -->
<testsuite hostname="DESKTOP-6IP1UN8" failures="0" tests="1" name="parallel_testing.A" time="31.580" errors="0" timestamp="2022-08-20T09:02:37 IST" skipped="0">
  <testcase classname="parallel_testing.A" name="tc1" time="31.580"/>
  <system-out/>
</testsuite> <!-- parallel_testing.A -->
