<?xml version="1.0" encoding="UTF-8"?>
<!-- Generated by org.testng.reporters.JUnitReportReporter -->
<testsuite hostname="DESKTOP-6IP1UN8" failures="0" tests="2" name="parllel_testing.A" time="375.947" errors="0" timestamp="2022-08-19T22:59:10 IST" skipped="0">
  <testcase classname="parllel_testing.A" name="TC" time="276.635"/>
  <system-out/>
  <testcase classname="parllel_testing.A" name="TC" time="99.312"/>
  <system-out/>
</testsuite> <!-- parllel_testing.A -->
