<?xml version="1.0" encoding="UTF-8"?>
<!-- Generated by org.testng.reporters.JUnitReportReporter -->
<testsuite hostname="DESKTOP-6IP1UN8" failures="0" tests="1" name="testing.reporter" time="0.015" errors="0" timestamp="2022-08-17T15:35:16 IST" skipped="0">
  <testcase classname="testing.reporter" name="Tc" time="0.015"/>
  <system-out>
    <![CDATA[hii]]>
  </system-out>
</testsuite> <!-- testing.reporter -->
